Determining if the pthread_create exist failed with the following output:
Change Dir: /home/kamba/catkin_ws/build/CMakeFiles/CMakeTmp

Run Build Command:"/usr/bin/make" "cmTC_9b824/fast"
/usr/bin/make -f CMakeFiles/cmTC_9b824.dir/build.make CMakeFiles/cmTC_9b824.dir/build
make[1]: ディレクトリ '/home/kamba/catkin_ws/build/CMakeFiles/CMakeTmp' に入ります
Building C object CMakeFiles/cmTC_9b824.dir/CheckSymbolExists.c.o
/usr/bin/cc     -o CMakeFiles/cmTC_9b824.dir/CheckSymbolExists.c.o   -c /home/kamba/catkin_ws/build/CMakeFiles/CMakeTmp/CheckSymbolExists.c
Linking C executable cmTC_9b824
/usr/bin/cmake -E cmake_link_script CMakeFiles/cmTC_9b824.dir/link.txt --verbose=1
/usr/bin/cc       CMakeFiles/cmTC_9b824.dir/CheckSymbolExists.c.o  -o cmTC_9b824 -rdynamic 
CMakeFiles/cmTC_9b824.dir/CheckSymbolExists.c.o: 関数 `main' 内:
CheckSymbolExists.c:(.text+0x16): `pthread_create' に対する定義されていない参照です
collect2: error: ld returned 1 exit status
CMakeFiles/cmTC_9b824.dir/build.make:97: ターゲット 'cmTC_9b824' のレシピで失敗しました
make[1]: *** [cmTC_9b824] エラー 1
make[1]: ディレクトリ '/home/kamba/catkin_ws/build/CMakeFiles/CMakeTmp' から出ます
Makefile:126: ターゲット 'cmTC_9b824/fast' のレシピで失敗しました
make: *** [cmTC_9b824/fast] エラー 2

File /home/kamba/catkin_ws/build/CMakeFiles/CMakeTmp/CheckSymbolExists.c:
/* */
#include <pthread.h>

int main(int argc, char** argv)
{
  (void)argv;
#ifndef pthread_create
  return ((int*)(&pthread_create))[argc];
#else
  (void)argc;
  return 0;
#endif
}

Determining if the function pthread_create exists in the pthreads failed with the following output:
Change Dir: /home/kamba/catkin_ws/build/CMakeFiles/CMakeTmp

Run Build Command:"/usr/bin/make" "cmTC_6cb13/fast"
/usr/bin/make -f CMakeFiles/cmTC_6cb13.dir/build.make CMakeFiles/cmTC_6cb13.dir/build
make[1]: ディレクトリ '/home/kamba/catkin_ws/build/CMakeFiles/CMakeTmp' に入ります
Building C object CMakeFiles/cmTC_6cb13.dir/CheckFunctionExists.c.o
/usr/bin/cc    -DCHECK_FUNCTION_EXISTS=pthread_create   -o CMakeFiles/cmTC_6cb13.dir/CheckFunctionExists.c.o   -c /usr/share/cmake-3.5/Modules/CheckFunctionExists.c
Linking C executable cmTC_6cb13
/usr/bin/cmake -E cmake_link_script CMakeFiles/cmTC_6cb13.dir/link.txt --verbose=1
/usr/bin/cc   -DCHECK_FUNCTION_EXISTS=pthread_create    CMakeFiles/cmTC_6cb13.dir/CheckFunctionExists.c.o  -o cmTC_6cb13 -rdynamic -lpthreads 
/usr/bin/ld: -lpthreads が見つかりません
collect2: error: ld returned 1 exit status
CMakeFiles/cmTC_6cb13.dir/build.make:97: ターゲット 'cmTC_6cb13' のレシピで失敗しました
make[1]: *** [cmTC_6cb13] エラー 1
make[1]: ディレクトリ '/home/kamba/catkin_ws/build/CMakeFiles/CMakeTmp' から出ます
Makefile:126: ターゲット 'cmTC_6cb13/fast' のレシピで失敗しました
make: *** [cmTC_6cb13/fast] エラー 2


